<?xml version="1.0" encoding="UTF-8"?>
<testng-results ignored="0" total="1" passed="1" failed="0" skipped="0">
  <reporter-output>
  </reporter-output>
  <suite started-at="2023-12-05T14:02:09 IST" name="Default suite" finished-at="2023-12-05T14:02:38 IST" duration-ms="28902">
    <groups>
    </groups>
    <test started-at="2023-12-05T14:02:09 IST" name="Default test" finished-at="2023-12-05T14:02:38 IST" duration-ms="28902">
      <class name="testBase.Baseclass">
        <test-method is-config="true" signature="setup()[pri:0, instance:testBase.Baseclass@26e356f0]" started-at="2023-12-05T14:02:09 IST" name="setup" finished-at="2023-12-05T14:02:34 IST" duration-ms="24129" status="PASS">
          <reporter-output>
          </reporter-output>
        </test-method> <!-- setup -->
        <test-method signature="loginfunctionality1()[pri:0, instance:testBase.Baseclass@26e356f0]" started-at="2023-12-05T14:02:34 IST" name="loginfunctionality1" finished-at="2023-12-05T14:02:37 IST" duration-ms="3594" status="PASS">
          <reporter-output>
          </reporter-output>
        </test-method> <!-- loginfunctionality1 -->
        <test-method is-config="true" signature="close()[pri:0, instance:testBase.Baseclass@26e356f0]" started-at="2023-12-05T14:02:37 IST" name="close" finished-at="2023-12-05T14:02:38 IST" duration-ms="1090" status="PASS">
          <reporter-output>
          </reporter-output>
        </test-method> <!-- close -->
      </class> <!-- testBase.Baseclass -->
    </test> <!-- Default test -->
  </suite> <!-- Default suite -->
</testng-results>
